[debug] [2021-12-15T11:44:33.115Z] ----------------------------------------------------------------------
[debug] [2021-12-15T11:44:33.119Z] Command:       E:\tasmeer work\Node js\node.exe C:\Users\Yousuf Traders\AppData\Roaming\npm\node_modules\firebase-tools\lib\bin\firebase.js init
[debug] [2021-12-15T11:44:33.119Z] CLI Version:   9.23.1
[debug] [2021-12-15T11:44:33.120Z] Platform:      win32
[debug] [2021-12-15T11:44:33.120Z] Node Version:  v12.19.0
[debug] [2021-12-15T11:44:33.122Z] Time:          Wed Dec 15 2021 16:44:33 GMT+0500 (Pakistan Standard Time)
[debug] [2021-12-15T11:44:33.123Z] ----------------------------------------------------------------------
[debug] 
[debug] [2021-12-15T11:44:33.266Z] > command requires scopes: ["email","openid","https://www.googleapis.com/auth/cloudplatformprojects.readonly","https://www.googleapis.com/auth/firebase","https://www.googleapis.com/auth/cloud-platform"]
[debug] [2021-12-15T11:44:33.267Z] > authorizing via signed-in user (tasmeernaeem890@gmail.com)
[info] 
     ######## #### ########  ######## ########     ###     ######  ########
     ##        ##  ##     ## ##       ##     ##  ##   ##  ##       ##
     ######    ##  ########  ######   ########  #########  ######  ######
     ##        ##  ##    ##  ##       ##     ## ##     ##       ## ##
     ##       #### ##     ## ######## ########  ##     ##  ######  ########

You're about to initialize a Firebase project in this directory:

  E:\tasmeer work\React.js\crud-app-firebase-app

Before we get started, keep in mind:

  * You are initializing within an existing Firebase project directory

[info] 
=== Project Setup
[info] 
[info] First, let's associate this project directory with a Firebase project.
[info] You can create multiple project aliases by running firebase use --add, 
[info] but for now we'll just set up a default project.
[info] 
[debug] [2021-12-15T11:44:44.857Z] Using project from CLI flag: crud-app-9437f
[debug] [2021-12-15T11:44:44.862Z] > refreshing access token with scopes: []
[debug] [2021-12-15T11:44:44.862Z] >>> HTTP REQUEST POST https://www.googleapis.com/oauth2/v3/token  
 <request body omitted>
[debug] [2021-12-15T11:44:44.905Z] Authentication Error: Your credentials are no longer valid. Please run firebase login --reauth

For CI servers and headless environments, generate a new token with firebase login:ci
[debug] [2021-12-15T11:44:44.917Z] FirebaseError: Authentication Error: Your credentials are no longer valid. Please run firebase login --reauth

For CI servers and headless environments, generate a new token with firebase login:ci
    at invalidCredentialError (C:\Users\Yousuf Traders\AppData\Roaming\npm\node_modules\firebase-tools\lib\auth.js:141:12)
    at refreshTokens (C:\Users\Yousuf Traders\AppData\Roaming\npm\node_modules\firebase-tools\lib\auth.js:448:15)
    at processTicksAndRejections (internal/process/task_queues.js:97:5)
[error] 
[error] Error: Failed to get Firebase project crud-app-9437f. Please make sure the project exists and your account has permission to access it.
[debug] [2021-12-15T11:48:07.961Z] ----------------------------------------------------------------------
[debug] [2021-12-15T11:48:07.965Z] Command:       E:\tasmeer work\Node js\node.exe C:\Users\Yousuf Traders\AppData\Roaming\npm\node_modules\firebase-tools\lib\bin\firebase.js init
[debug] [2021-12-15T11:48:07.965Z] CLI Version:   9.23.1
[debug] [2021-12-15T11:48:07.965Z] Platform:      win32
[debug] [2021-12-15T11:48:07.966Z] Node Version:  v12.19.0
[debug] [2021-12-15T11:48:07.968Z] Time:          Wed Dec 15 2021 16:48:07 GMT+0500 (Pakistan Standard Time)
[debug] [2021-12-15T11:48:07.968Z] ----------------------------------------------------------------------
[debug] 
[debug] [2021-12-15T11:48:08.082Z] > command requires scopes: ["email","openid","https://www.googleapis.com/auth/cloudplatformprojects.readonly","https://www.googleapis.com/auth/firebase","https://www.googleapis.com/auth/cloud-platform"]
[debug] [2021-12-15T11:48:08.082Z] > authorizing via signed-in user (tasmeernaeem890@gmail.com)
[info] 
     ######## #### ########  ######## ########     ###     ######  ########
     ##        ##  ##     ## ##       ##     ##  ##   ##  ##       ##
     ######    ##  ########  ######   ########  #########  ######  ######
     ##        ##  ##    ##  ##       ##     ## ##     ##       ## ##
     ##       #### ##     ## ######## ########  ##     ##  ######  ########

You're about to initialize a Firebase project in this directory:

  E:\tasmeer work\React.js\crud-app-firebase-app

Before we get started, keep in mind:

  * You are initializing within an existing Firebase project directory

[info] 
=== Project Setup
[info] 
[info] First, let's associate this project directory with a Firebase project.
[info] You can create multiple project aliases by running firebase use --add, 
[info] but for now we'll just set up a default project.
[info] 
[debug] [2021-12-15T11:48:26.001Z] Using project from CLI flag: crud-app-9437f
[debug] [2021-12-15T11:48:26.006Z] > refreshing access token with scopes: []
[debug] [2021-12-15T11:48:26.007Z] >>> HTTP REQUEST POST https://www.googleapis.com/oauth2/v3/token  
 <request body omitted>
[debug] [2021-12-15T11:48:26.055Z] Authentication Error: Your credentials are no longer valid. Please run firebase login --reauth

For CI servers and headless environments, generate a new token with firebase login:ci
[debug] [2021-12-15T11:48:26.066Z] FirebaseError: Authentication Error: Your credentials are no longer valid. Please run firebase login --reauth

For CI servers and headless environments, generate a new token with firebase login:ci
    at invalidCredentialError (C:\Users\Yousuf Traders\AppData\Roaming\npm\node_modules\firebase-tools\lib\auth.js:141:12)
    at refreshTokens (C:\Users\Yousuf Traders\AppData\Roaming\npm\node_modules\firebase-tools\lib\auth.js:448:15)
    at processTicksAndRejections (internal/process/task_queues.js:97:5)
[error] 
[error] Error: Failed to get Firebase project crud-app-9437f. Please make sure the project exists and your account has permission to access it.
[debug] [2021-12-15T11:49:59.961Z] ----------------------------------------------------------------------
[debug] [2021-12-15T11:49:59.964Z] Command:       E:\tasmeer work\Node js\node.exe C:\Users\Yousuf Traders\AppData\Roaming\npm\node_modules\firebase-tools\lib\bin\firebase.js init
[debug] [2021-12-15T11:49:59.964Z] CLI Version:   9.23.1
[debug] [2021-12-15T11:49:59.965Z] Platform:      win32
[debug] [2021-12-15T11:49:59.965Z] Node Version:  v12.19.0
[debug] [2021-12-15T11:49:59.967Z] Time:          Wed Dec 15 2021 16:49:59 GMT+0500 (Pakistan Standard Time)
[debug] [2021-12-15T11:49:59.967Z] ----------------------------------------------------------------------
[debug] 
[debug] [2021-12-15T11:50:00.165Z] > command requires scopes: ["email","openid","https://www.googleapis.com/auth/cloudplatformprojects.readonly","https://www.googleapis.com/auth/firebase","https://www.googleapis.com/auth/cloud-platform"]
[debug] [2021-12-15T11:50:00.165Z] > authorizing via signed-in user (tasmeernaeem890@gmail.com)
[info] 
     ######## #### ########  ######## ########     ###     ######  ########
     ##        ##  ##     ## ##       ##     ##  ##   ##  ##       ##
     ######    ##  ########  ######   ########  #########  ######  ######
     ##        ##  ##    ##  ##       ##     ## ##     ##       ## ##
     ##       #### ##     ## ######## ########  ##     ##  ######  ########

You're about to initialize a Firebase project in this directory:

  E:\tasmeer work\React.js\crud-app-firebase-app

Before we get started, keep in mind:

  * You are initializing within an existing Firebase project directory

[info] 
=== Project Setup
[info] 
[info] First, let's associate this project directory with a Firebase project.
[info] You can create multiple project aliases by running firebase use --add, 
[info] but for now we'll just set up a default project.
[info] 
[debug] [2021-12-15T11:50:06.368Z] Using project from CLI flag: crud-app-9437f
[debug] [2021-12-15T11:50:06.374Z] > refreshing access token with scopes: []
[debug] [2021-12-15T11:50:06.375Z] >>> HTTP REQUEST POST https://www.googleapis.com/oauth2/v3/token  
 <request body omitted>
[debug] [2021-12-15T11:50:06.420Z] Authentication Error: Your credentials are no longer valid. Please run firebase login --reauth

For CI servers and headless environments, generate a new token with firebase login:ci
[debug] [2021-12-15T11:50:06.430Z] FirebaseError: Authentication Error: Your credentials are no longer valid. Please run firebase login --reauth

For CI servers and headless environments, generate a new token with firebase login:ci
    at invalidCredentialError (C:\Users\Yousuf Traders\AppData\Roaming\npm\node_modules\firebase-tools\lib\auth.js:141:12)
    at refreshTokens (C:\Users\Yousuf Traders\AppData\Roaming\npm\node_modules\firebase-tools\lib\auth.js:448:15)
    at processTicksAndRejections (internal/process/task_queues.js:97:5)
[error] 
[error] Error: Failed to get Firebase project crud-app-9437f. Please make sure the project exists and your account has permission to access it.
